Terminals unused in grammar

   THIS
   CONT
   ARITH_OP
   EQ_OP
   REL_OP
   COND_OP
   ASSIGN_OP


Grammar

    0 $accept: Program $end

    1 Program: CLASS PROGRAM OPEN field_decl_list methods CLOSE

    2 field_decl_list: %empty
    3                | field_decl_list field_decl SEMICOLON

    4 field_decl: type vars

    5 vars: var COMMA vars
    6     | var

    7 var: ID
    8    | ID OPEN_SQR NUMBER CLOSE_SQR

    9 methods: method_decl methods
   10        | %empty

   11 method_decl: type ID OPEN_PAREN args CLOSE_PAREN block
   12            | VOID ID OPEN_PAREN args CLOSE_PAREN block

   13 args: args COMMA type ID
   14     | type ID

   15 block: OPEN non_4 non_5 CLOSE

   16 var_decl: type non_3 SEMICOLON

   17 non_3: non_3 COMMA ID
   18      | ID

   19 non_4: non_4 var_decl
   20      | %empty

   21 non_5: non_5 statement
   22      | %empty

   23 statement: location EQUALTO expr SEMICOLON
   24          | location PLUSEQUAL expr SEMICOLON
   25          | location MINUSEQUAL expr SEMICOLON
   26          | method_call SEMICOLON
   27          | IF OPEN_PAREN expr CLOSE_PAREN block ELSE block
   28          | IF OPEN_PAREN expr CLOSE_PAREN block
   29          | FOR ID EQUALTO expr COMMA expr block
   30          | RETURN expr SEMICOLON
   31          | RETURN SEMICOLON
   32          | BREAK SEMICOLON
   33          | CONTINUE SEMICOLON
   34          | block

   35 expr: location
   36     | method_call
   37     | literal
   38     | NOT expr
   39     | expr PLUS expr
   40     | expr MINUS expr
   41     | expr MULTIPLY expr
   42     | expr DIVIDE expr
   43     | expr MODULO expr
   44     | expr GREATERTHAN expr
   45     | expr GREATEREQUAL expr
   46     | expr LESSTHAN expr
   47     | expr LESSEQUAL expr
   48     | expr EQUALEQUAL expr
   49     | expr NOTEQUAL expr
   50     | expr AND expr
   51     | expr OR expr
   52     | OPEN_PAREN expr CLOSE_PAREN

   53 method_call: method_name OPEN_PAREN non_1 CLOSE_PAREN
   54            | method_name OPEN_PAREN CLOSE_PAREN
   55            | CALLOUT OPEN_PAREN STRING non_2 CLOSE_PAREN
   56            | CALLOUT OPEN_PAREN STRING CLOSE_PAREN

   57 non_2: callout_arg COMMA non_2
   58      | callout_arg

   59 callout_arg: expr

   60 non_1: expr COMMA non_1
   61      | expr

   62 method_name: ID

   63 location: ID
   64         | ID OPEN_SQR expr CLOSE_SQR

   65 literal: NUMBER
   66        | CHAR
   67        | STRING
   68        | BOOL_VAL

   69 type: INT
   70     | BOOL


Terminals, with rules where they appear

$end (0) 0
error (256)
THIS (258)
OPEN (259) 1 15
CLOSE (260) 1 15
VOID (261) 12
PROGRAM (262) 1
INT (263) 69
BOOL (264) 70
IF (265) 27 28
ELSE (266) 27
CLASS (267) 1
CALLOUT (268) 55 56
FOR (269) 29
OPEN_PAREN (270) 11 12 27 28 52 53 54 55 56
CLOSE_PAREN (271) 11 12 27 28 52 53 54 55 56
CONT (272)
NOT (273) 38
MINUS (274) 40
OPEN_SQR (275) 8 64
CLOSE_SQR (276) 8 64
COMMA (277) 5 13 17 29 57 60
ARITH_OP (278)
EQ_OP (279)
REL_OP (280)
ID (281) 7 8 11 12 13 14 17 18 29 62 63 64
STRING (282) 55 56 67
CHAR (283) 66
COND_OP (284)
NUMBER (285) 8 65
BOOL_VAL (286) 68
ASSIGN_OP (287)
PLUS (288) 39
MULTIPLY (289) 41
DIVIDE (290) 42
MODULO (291) 43
EQUALEQUAL (292) 48
NOTEQUAL (293) 49
GREATEREQUAL (294) 45
LESSEQUAL (295) 47
GREATERTHAN (296) 44
LESSTHAN (297) 46
AND (298) 50
OR (299) 51
BREAK (300) 32
RETURN (301) 30 31
CONTINUE (302) 33
EQUALTO (303) 23 29
PLUSEQUAL (304) 24
MINUSEQUAL (305) 25
SEMICOLON (306) 3 16 23 24 25 26 30 31 32 33


Nonterminals, with rules where they appear

$accept (52)
    on left: 0
Program (53)
    on left: 1, on right: 0
field_decl_list (54)
    on left: 2 3, on right: 1 3
field_decl (55)
    on left: 4, on right: 3
vars (56)
    on left: 5 6, on right: 4 5
var (57)
    on left: 7 8, on right: 5 6
methods (58)
    on left: 9 10, on right: 1 9
method_decl (59)
    on left: 11 12, on right: 9
args (60)
    on left: 13 14, on right: 11 12 13
block (61)
    on left: 15, on right: 11 12 27 28 29 34
var_decl (62)
    on left: 16, on right: 19
non_3 (63)
    on left: 17 18, on right: 16 17
non_4 (64)
    on left: 19 20, on right: 15 19
non_5 (65)
    on left: 21 22, on right: 15 21
statement (66)
    on left: 23 24 25 26 27 28 29 30 31 32 33 34, on right: 21
expr (67)
    on left: 35 36 37 38 39 40 41 42 43 44 45 46 47 48 49 50 51 52,
    on right: 23 24 25 27 28 29 30 38 39 40 41 42 43 44 45 46 47 48
    49 50 51 52 59 60 61 64
method_call (68)
    on left: 53 54 55 56, on right: 26 36
non_2 (69)
    on left: 57 58, on right: 55 57
callout_arg (70)
    on left: 59, on right: 57 58
non_1 (71)
    on left: 60 61, on right: 53 60
method_name (72)
    on left: 62, on right: 53 54
location (73)
    on left: 63 64, on right: 23 24 25 35
literal (74)
    on left: 65 66 67 68, on right: 37
type (75)
    on left: 69 70, on right: 4 11 13 14 16


State 0

    0 $accept: . Program $end

    CLASS  shift, and go to state 1

    Program  go to state 2


State 1

    1 Program: CLASS . PROGRAM OPEN field_decl_list methods CLOSE

    PROGRAM  shift, and go to state 3


State 2

    0 $accept: Program . $end

    $end  shift, and go to state 4


State 3

    1 Program: CLASS PROGRAM . OPEN field_decl_list methods CLOSE

    OPEN  shift, and go to state 5


State 4

    0 $accept: Program $end .

    $default  accept


State 5

    1 Program: CLASS PROGRAM OPEN . field_decl_list methods CLOSE

    $default  reduce using rule 2 (field_decl_list)

    field_decl_list  go to state 6


State 6

    1 Program: CLASS PROGRAM OPEN field_decl_list . methods CLOSE
    3 field_decl_list: field_decl_list . field_decl SEMICOLON

    VOID  shift, and go to state 7
    INT   shift, and go to state 8
    BOOL  shift, and go to state 9

    $default  reduce using rule 10 (methods)

    field_decl   go to state 10
    methods      go to state 11
    method_decl  go to state 12
    type         go to state 13


State 7

   12 method_decl: VOID . ID OPEN_PAREN args CLOSE_PAREN block

    ID  shift, and go to state 14


State 8

   69 type: INT .

    $default  reduce using rule 69 (type)


State 9

   70 type: BOOL .

    $default  reduce using rule 70 (type)


State 10

    3 field_decl_list: field_decl_list field_decl . SEMICOLON

    SEMICOLON  shift, and go to state 15


State 11

    1 Program: CLASS PROGRAM OPEN field_decl_list methods . CLOSE

    CLOSE  shift, and go to state 16


State 12

    9 methods: method_decl . methods

    VOID  shift, and go to state 7
    INT   shift, and go to state 8
    BOOL  shift, and go to state 9

    $default  reduce using rule 10 (methods)

    methods      go to state 17
    method_decl  go to state 12
    type         go to state 18


State 13

    4 field_decl: type . vars
   11 method_decl: type . ID OPEN_PAREN args CLOSE_PAREN block

    ID  shift, and go to state 19

    vars  go to state 20
    var   go to state 21


State 14

   12 method_decl: VOID ID . OPEN_PAREN args CLOSE_PAREN block

    OPEN_PAREN  shift, and go to state 22


State 15

    3 field_decl_list: field_decl_list field_decl SEMICOLON .

    $default  reduce using rule 3 (field_decl_list)


State 16

    1 Program: CLASS PROGRAM OPEN field_decl_list methods CLOSE .

    $default  reduce using rule 1 (Program)


State 17

    9 methods: method_decl methods .

    $default  reduce using rule 9 (methods)


State 18

   11 method_decl: type . ID OPEN_PAREN args CLOSE_PAREN block

    ID  shift, and go to state 23


State 19

    7 var: ID .
    8    | ID . OPEN_SQR NUMBER CLOSE_SQR
   11 method_decl: type ID . OPEN_PAREN args CLOSE_PAREN block

    OPEN_PAREN  shift, and go to state 24
    OPEN_SQR    shift, and go to state 25

    $default  reduce using rule 7 (var)


State 20

    4 field_decl: type vars .

    $default  reduce using rule 4 (field_decl)


State 21

    5 vars: var . COMMA vars
    6     | var .

    COMMA  shift, and go to state 26

    $default  reduce using rule 6 (vars)


State 22

   12 method_decl: VOID ID OPEN_PAREN . args CLOSE_PAREN block

    INT   shift, and go to state 8
    BOOL  shift, and go to state 9

    args  go to state 27
    type  go to state 28


State 23

   11 method_decl: type ID . OPEN_PAREN args CLOSE_PAREN block

    OPEN_PAREN  shift, and go to state 24


State 24

   11 method_decl: type ID OPEN_PAREN . args CLOSE_PAREN block

    INT   shift, and go to state 8
    BOOL  shift, and go to state 9

    args  go to state 29
    type  go to state 28


State 25

    8 var: ID OPEN_SQR . NUMBER CLOSE_SQR

    NUMBER  shift, and go to state 30


State 26

    5 vars: var COMMA . vars

    ID  shift, and go to state 31

    vars  go to state 32
    var   go to state 21


State 27

   12 method_decl: VOID ID OPEN_PAREN args . CLOSE_PAREN block
   13 args: args . COMMA type ID

    CLOSE_PAREN  shift, and go to state 33
    COMMA        shift, and go to state 34


State 28

   14 args: type . ID

    ID  shift, and go to state 35


State 29

   11 method_decl: type ID OPEN_PAREN args . CLOSE_PAREN block
   13 args: args . COMMA type ID

    CLOSE_PAREN  shift, and go to state 36
    COMMA        shift, and go to state 34


State 30

    8 var: ID OPEN_SQR NUMBER . CLOSE_SQR

    CLOSE_SQR  shift, and go to state 37


State 31

    7 var: ID .
    8    | ID . OPEN_SQR NUMBER CLOSE_SQR

    OPEN_SQR  shift, and go to state 25

    $default  reduce using rule 7 (var)


State 32

    5 vars: var COMMA vars .

    $default  reduce using rule 5 (vars)


State 33

   12 method_decl: VOID ID OPEN_PAREN args CLOSE_PAREN . block

    OPEN  shift, and go to state 38

    block  go to state 39


State 34

   13 args: args COMMA . type ID

    INT   shift, and go to state 8
    BOOL  shift, and go to state 9

    type  go to state 40


State 35

   14 args: type ID .

    $default  reduce using rule 14 (args)


State 36

   11 method_decl: type ID OPEN_PAREN args CLOSE_PAREN . block

    OPEN  shift, and go to state 38

    block  go to state 41


State 37

    8 var: ID OPEN_SQR NUMBER CLOSE_SQR .

    $default  reduce using rule 8 (var)


State 38

   15 block: OPEN . non_4 non_5 CLOSE

    $default  reduce using rule 20 (non_4)

    non_4  go to state 42


State 39

   12 method_decl: VOID ID OPEN_PAREN args CLOSE_PAREN block .

    $default  reduce using rule 12 (method_decl)


State 40

   13 args: args COMMA type . ID

    ID  shift, and go to state 43


State 41

   11 method_decl: type ID OPEN_PAREN args CLOSE_PAREN block .

    $default  reduce using rule 11 (method_decl)


State 42

   15 block: OPEN non_4 . non_5 CLOSE
   19 non_4: non_4 . var_decl

    INT   shift, and go to state 8
    BOOL  shift, and go to state 9

    $default  reduce using rule 22 (non_5)

    var_decl  go to state 44
    non_5     go to state 45
    type      go to state 46


State 43

   13 args: args COMMA type ID .

    $default  reduce using rule 13 (args)


State 44

   19 non_4: non_4 var_decl .

    $default  reduce using rule 19 (non_4)


State 45

   15 block: OPEN non_4 non_5 . CLOSE
   21 non_5: non_5 . statement

    OPEN      shift, and go to state 38
    CLOSE     shift, and go to state 47
    IF        shift, and go to state 48
    CALLOUT   shift, and go to state 49
    FOR       shift, and go to state 50
    ID        shift, and go to state 51
    BREAK     shift, and go to state 52
    RETURN    shift, and go to state 53
    CONTINUE  shift, and go to state 54

    block        go to state 55
    statement    go to state 56
    method_call  go to state 57
    method_name  go to state 58
    location     go to state 59


State 46

   16 var_decl: type . non_3 SEMICOLON

    ID  shift, and go to state 60

    non_3  go to state 61


State 47

   15 block: OPEN non_4 non_5 CLOSE .

    $default  reduce using rule 15 (block)


State 48

   27 statement: IF . OPEN_PAREN expr CLOSE_PAREN block ELSE block
   28          | IF . OPEN_PAREN expr CLOSE_PAREN block

    OPEN_PAREN  shift, and go to state 62


State 49

   55 method_call: CALLOUT . OPEN_PAREN STRING non_2 CLOSE_PAREN
   56            | CALLOUT . OPEN_PAREN STRING CLOSE_PAREN

    OPEN_PAREN  shift, and go to state 63


State 50

   29 statement: FOR . ID EQUALTO expr COMMA expr block

    ID  shift, and go to state 64


State 51

   62 method_name: ID .
   63 location: ID .
   64         | ID . OPEN_SQR expr CLOSE_SQR

    OPEN_SQR  shift, and go to state 65

    OPEN_PAREN  reduce using rule 62 (method_name)
    $default    reduce using rule 63 (location)


State 52

   32 statement: BREAK . SEMICOLON

    SEMICOLON  shift, and go to state 66


State 53

   30 statement: RETURN . expr SEMICOLON
   31          | RETURN . SEMICOLON

    CALLOUT     shift, and go to state 49
    OPEN_PAREN  shift, and go to state 67
    NOT         shift, and go to state 68
    ID          shift, and go to state 51
    STRING      shift, and go to state 69
    CHAR        shift, and go to state 70
    NUMBER      shift, and go to state 71
    BOOL_VAL    shift, and go to state 72
    SEMICOLON   shift, and go to state 73

    expr         go to state 74
    method_call  go to state 75
    method_name  go to state 58
    location     go to state 76
    literal      go to state 77


State 54

   33 statement: CONTINUE . SEMICOLON

    SEMICOLON  shift, and go to state 78


State 55

   34 statement: block .

    $default  reduce using rule 34 (statement)


State 56

   21 non_5: non_5 statement .

    $default  reduce using rule 21 (non_5)


State 57

   26 statement: method_call . SEMICOLON

    SEMICOLON  shift, and go to state 79


State 58

   53 method_call: method_name . OPEN_PAREN non_1 CLOSE_PAREN
   54            | method_name . OPEN_PAREN CLOSE_PAREN

    OPEN_PAREN  shift, and go to state 80


State 59

   23 statement: location . EQUALTO expr SEMICOLON
   24          | location . PLUSEQUAL expr SEMICOLON
   25          | location . MINUSEQUAL expr SEMICOLON

    EQUALTO     shift, and go to state 81
    PLUSEQUAL   shift, and go to state 82
    MINUSEQUAL  shift, and go to state 83


State 60

   18 non_3: ID .

    $default  reduce using rule 18 (non_3)


State 61

   16 var_decl: type non_3 . SEMICOLON
   17 non_3: non_3 . COMMA ID

    COMMA      shift, and go to state 84
    SEMICOLON  shift, and go to state 85


State 62

   27 statement: IF OPEN_PAREN . expr CLOSE_PAREN block ELSE block
   28          | IF OPEN_PAREN . expr CLOSE_PAREN block

    CALLOUT     shift, and go to state 49
    OPEN_PAREN  shift, and go to state 67
    NOT         shift, and go to state 68
    ID          shift, and go to state 51
    STRING      shift, and go to state 69
    CHAR        shift, and go to state 70
    NUMBER      shift, and go to state 71
    BOOL_VAL    shift, and go to state 72

    expr         go to state 86
    method_call  go to state 75
    method_name  go to state 58
    location     go to state 76
    literal      go to state 77


State 63

   55 method_call: CALLOUT OPEN_PAREN . STRING non_2 CLOSE_PAREN
   56            | CALLOUT OPEN_PAREN . STRING CLOSE_PAREN

    STRING  shift, and go to state 87


State 64

   29 statement: FOR ID . EQUALTO expr COMMA expr block

    EQUALTO  shift, and go to state 88


State 65

   64 location: ID OPEN_SQR . expr CLOSE_SQR

    CALLOUT     shift, and go to state 49
    OPEN_PAREN  shift, and go to state 67
    NOT         shift, and go to state 68
    ID          shift, and go to state 51
    STRING      shift, and go to state 69
    CHAR        shift, and go to state 70
    NUMBER      shift, and go to state 71
    BOOL_VAL    shift, and go to state 72

    expr         go to state 89
    method_call  go to state 75
    method_name  go to state 58
    location     go to state 76
    literal      go to state 77


State 66

   32 statement: BREAK SEMICOLON .

    $default  reduce using rule 32 (statement)


State 67

   52 expr: OPEN_PAREN . expr CLOSE_PAREN

    CALLOUT     shift, and go to state 49
    OPEN_PAREN  shift, and go to state 67
    NOT         shift, and go to state 68
    ID          shift, and go to state 51
    STRING      shift, and go to state 69
    CHAR        shift, and go to state 70
    NUMBER      shift, and go to state 71
    BOOL_VAL    shift, and go to state 72

    expr         go to state 90
    method_call  go to state 75
    method_name  go to state 58
    location     go to state 76
    literal      go to state 77


State 68

   38 expr: NOT . expr

    CALLOUT     shift, and go to state 49
    OPEN_PAREN  shift, and go to state 67
    NOT         shift, and go to state 68
    ID          shift, and go to state 51
    STRING      shift, and go to state 69
    CHAR        shift, and go to state 70
    NUMBER      shift, and go to state 71
    BOOL_VAL    shift, and go to state 72

    expr         go to state 91
    method_call  go to state 75
    method_name  go to state 58
    location     go to state 76
    literal      go to state 77


State 69

   67 literal: STRING .

    $default  reduce using rule 67 (literal)


State 70

   66 literal: CHAR .

    $default  reduce using rule 66 (literal)


State 71

   65 literal: NUMBER .

    $default  reduce using rule 65 (literal)


State 72

   68 literal: BOOL_VAL .

    $default  reduce using rule 68 (literal)


State 73

   31 statement: RETURN SEMICOLON .

    $default  reduce using rule 31 (statement)


State 74

   30 statement: RETURN expr . SEMICOLON
   39 expr: expr . PLUS expr
   40     | expr . MINUS expr
   41     | expr . MULTIPLY expr
   42     | expr . DIVIDE expr
   43     | expr . MODULO expr
   44     | expr . GREATERTHAN expr
   45     | expr . GREATEREQUAL expr
   46     | expr . LESSTHAN expr
   47     | expr . LESSEQUAL expr
   48     | expr . EQUALEQUAL expr
   49     | expr . NOTEQUAL expr
   50     | expr . AND expr
   51     | expr . OR expr

    MINUS         shift, and go to state 92
    PLUS          shift, and go to state 93
    MULTIPLY      shift, and go to state 94
    DIVIDE        shift, and go to state 95
    MODULO        shift, and go to state 96
    EQUALEQUAL    shift, and go to state 97
    NOTEQUAL      shift, and go to state 98
    GREATEREQUAL  shift, and go to state 99
    LESSEQUAL     shift, and go to state 100
    GREATERTHAN   shift, and go to state 101
    LESSTHAN      shift, and go to state 102
    AND           shift, and go to state 103
    OR            shift, and go to state 104
    SEMICOLON     shift, and go to state 105


State 75

   36 expr: method_call .

    $default  reduce using rule 36 (expr)


State 76

   35 expr: location .

    $default  reduce using rule 35 (expr)


State 77

   37 expr: literal .

    $default  reduce using rule 37 (expr)


State 78

   33 statement: CONTINUE SEMICOLON .

    $default  reduce using rule 33 (statement)


State 79

   26 statement: method_call SEMICOLON .

    $default  reduce using rule 26 (statement)


State 80

   53 method_call: method_name OPEN_PAREN . non_1 CLOSE_PAREN
   54            | method_name OPEN_PAREN . CLOSE_PAREN

    CALLOUT      shift, and go to state 49
    OPEN_PAREN   shift, and go to state 67
    CLOSE_PAREN  shift, and go to state 106
    NOT          shift, and go to state 68
    ID           shift, and go to state 51
    STRING       shift, and go to state 69
    CHAR         shift, and go to state 70
    NUMBER       shift, and go to state 71
    BOOL_VAL     shift, and go to state 72

    expr         go to state 107
    method_call  go to state 75
    non_1        go to state 108
    method_name  go to state 58
    location     go to state 76
    literal      go to state 77


State 81

   23 statement: location EQUALTO . expr SEMICOLON

    CALLOUT     shift, and go to state 49
    OPEN_PAREN  shift, and go to state 67
    NOT         shift, and go to state 68
    ID          shift, and go to state 51
    STRING      shift, and go to state 69
    CHAR        shift, and go to state 70
    NUMBER      shift, and go to state 71
    BOOL_VAL    shift, and go to state 72

    expr         go to state 109
    method_call  go to state 75
    method_name  go to state 58
    location     go to state 76
    literal      go to state 77


State 82

   24 statement: location PLUSEQUAL . expr SEMICOLON

    CALLOUT     shift, and go to state 49
    OPEN_PAREN  shift, and go to state 67
    NOT         shift, and go to state 68
    ID          shift, and go to state 51
    STRING      shift, and go to state 69
    CHAR        shift, and go to state 70
    NUMBER      shift, and go to state 71
    BOOL_VAL    shift, and go to state 72

    expr         go to state 110
    method_call  go to state 75
    method_name  go to state 58
    location     go to state 76
    literal      go to state 77


State 83

   25 statement: location MINUSEQUAL . expr SEMICOLON

    CALLOUT     shift, and go to state 49
    OPEN_PAREN  shift, and go to state 67
    NOT         shift, and go to state 68
    ID          shift, and go to state 51
    STRING      shift, and go to state 69
    CHAR        shift, and go to state 70
    NUMBER      shift, and go to state 71
    BOOL_VAL    shift, and go to state 72

    expr         go to state 111
    method_call  go to state 75
    method_name  go to state 58
    location     go to state 76
    literal      go to state 77


State 84

   17 non_3: non_3 COMMA . ID

    ID  shift, and go to state 112


State 85

   16 var_decl: type non_3 SEMICOLON .

    $default  reduce using rule 16 (var_decl)


State 86

   27 statement: IF OPEN_PAREN expr . CLOSE_PAREN block ELSE block
   28          | IF OPEN_PAREN expr . CLOSE_PAREN block
   39 expr: expr . PLUS expr
   40     | expr . MINUS expr
   41     | expr . MULTIPLY expr
   42     | expr . DIVIDE expr
   43     | expr . MODULO expr
   44     | expr . GREATERTHAN expr
   45     | expr . GREATEREQUAL expr
   46     | expr . LESSTHAN expr
   47     | expr . LESSEQUAL expr
   48     | expr . EQUALEQUAL expr
   49     | expr . NOTEQUAL expr
   50     | expr . AND expr
   51     | expr . OR expr

    CLOSE_PAREN   shift, and go to state 113
    MINUS         shift, and go to state 92
    PLUS          shift, and go to state 93
    MULTIPLY      shift, and go to state 94
    DIVIDE        shift, and go to state 95
    MODULO        shift, and go to state 96
    EQUALEQUAL    shift, and go to state 97
    NOTEQUAL      shift, and go to state 98
    GREATEREQUAL  shift, and go to state 99
    LESSEQUAL     shift, and go to state 100
    GREATERTHAN   shift, and go to state 101
    LESSTHAN      shift, and go to state 102
    AND           shift, and go to state 103
    OR            shift, and go to state 104


State 87

   55 method_call: CALLOUT OPEN_PAREN STRING . non_2 CLOSE_PAREN
   56            | CALLOUT OPEN_PAREN STRING . CLOSE_PAREN

    CALLOUT      shift, and go to state 49
    OPEN_PAREN   shift, and go to state 67
    CLOSE_PAREN  shift, and go to state 114
    NOT          shift, and go to state 68
    ID           shift, and go to state 51
    STRING       shift, and go to state 69
    CHAR         shift, and go to state 70
    NUMBER       shift, and go to state 71
    BOOL_VAL     shift, and go to state 72

    expr         go to state 115
    method_call  go to state 75
    non_2        go to state 116
    callout_arg  go to state 117
    method_name  go to state 58
    location     go to state 76
    literal      go to state 77


State 88

   29 statement: FOR ID EQUALTO . expr COMMA expr block

    CALLOUT     shift, and go to state 49
    OPEN_PAREN  shift, and go to state 67
    NOT         shift, and go to state 68
    ID          shift, and go to state 51
    STRING      shift, and go to state 69
    CHAR        shift, and go to state 70
    NUMBER      shift, and go to state 71
    BOOL_VAL    shift, and go to state 72

    expr         go to state 118
    method_call  go to state 75
    method_name  go to state 58
    location     go to state 76
    literal      go to state 77


State 89

   39 expr: expr . PLUS expr
   40     | expr . MINUS expr
   41     | expr . MULTIPLY expr
   42     | expr . DIVIDE expr
   43     | expr . MODULO expr
   44     | expr . GREATERTHAN expr
   45     | expr . GREATEREQUAL expr
   46     | expr . LESSTHAN expr
   47     | expr . LESSEQUAL expr
   48     | expr . EQUALEQUAL expr
   49     | expr . NOTEQUAL expr
   50     | expr . AND expr
   51     | expr . OR expr
   64 location: ID OPEN_SQR expr . CLOSE_SQR

    MINUS         shift, and go to state 92
    CLOSE_SQR     shift, and go to state 119
    PLUS          shift, and go to state 93
    MULTIPLY      shift, and go to state 94
    DIVIDE        shift, and go to state 95
    MODULO        shift, and go to state 96
    EQUALEQUAL    shift, and go to state 97
    NOTEQUAL      shift, and go to state 98
    GREATEREQUAL  shift, and go to state 99
    LESSEQUAL     shift, and go to state 100
    GREATERTHAN   shift, and go to state 101
    LESSTHAN      shift, and go to state 102
    AND           shift, and go to state 103
    OR            shift, and go to state 104


State 90

   39 expr: expr . PLUS expr
   40     | expr . MINUS expr
   41     | expr . MULTIPLY expr
   42     | expr . DIVIDE expr
   43     | expr . MODULO expr
   44     | expr . GREATERTHAN expr
   45     | expr . GREATEREQUAL expr
   46     | expr . LESSTHAN expr
   47     | expr . LESSEQUAL expr
   48     | expr . EQUALEQUAL expr
   49     | expr . NOTEQUAL expr
   50     | expr . AND expr
   51     | expr . OR expr
   52     | OPEN_PAREN expr . CLOSE_PAREN

    CLOSE_PAREN   shift, and go to state 120
    MINUS         shift, and go to state 92
    PLUS          shift, and go to state 93
    MULTIPLY      shift, and go to state 94
    DIVIDE        shift, and go to state 95
    MODULO        shift, and go to state 96
    EQUALEQUAL    shift, and go to state 97
    NOTEQUAL      shift, and go to state 98
    GREATEREQUAL  shift, and go to state 99
    LESSEQUAL     shift, and go to state 100
    GREATERTHAN   shift, and go to state 101
    LESSTHAN      shift, and go to state 102
    AND           shift, and go to state 103
    OR            shift, and go to state 104


State 91

   38 expr: NOT expr .
   39     | expr . PLUS expr
   40     | expr . MINUS expr
   41     | expr . MULTIPLY expr
   42     | expr . DIVIDE expr
   43     | expr . MODULO expr
   44     | expr . GREATERTHAN expr
   45     | expr . GREATEREQUAL expr
   46     | expr . LESSTHAN expr
   47     | expr . LESSEQUAL expr
   48     | expr . EQUALEQUAL expr
   49     | expr . NOTEQUAL expr
   50     | expr . AND expr
   51     | expr . OR expr

    $default  reduce using rule 38 (expr)


State 92

   40 expr: expr MINUS . expr

    CALLOUT     shift, and go to state 49
    OPEN_PAREN  shift, and go to state 67
    NOT         shift, and go to state 68
    ID          shift, and go to state 51
    STRING      shift, and go to state 69
    CHAR        shift, and go to state 70
    NUMBER      shift, and go to state 71
    BOOL_VAL    shift, and go to state 72

    expr         go to state 121
    method_call  go to state 75
    method_name  go to state 58
    location     go to state 76
    literal      go to state 77


State 93

   39 expr: expr PLUS . expr

    CALLOUT     shift, and go to state 49
    OPEN_PAREN  shift, and go to state 67
    NOT         shift, and go to state 68
    ID          shift, and go to state 51
    STRING      shift, and go to state 69
    CHAR        shift, and go to state 70
    NUMBER      shift, and go to state 71
    BOOL_VAL    shift, and go to state 72

    expr         go to state 122
    method_call  go to state 75
    method_name  go to state 58
    location     go to state 76
    literal      go to state 77


State 94

   41 expr: expr MULTIPLY . expr

    CALLOUT     shift, and go to state 49
    OPEN_PAREN  shift, and go to state 67
    NOT         shift, and go to state 68
    ID          shift, and go to state 51
    STRING      shift, and go to state 69
    CHAR        shift, and go to state 70
    NUMBER      shift, and go to state 71
    BOOL_VAL    shift, and go to state 72

    expr         go to state 123
    method_call  go to state 75
    method_name  go to state 58
    location     go to state 76
    literal      go to state 77


State 95

   42 expr: expr DIVIDE . expr

    CALLOUT     shift, and go to state 49
    OPEN_PAREN  shift, and go to state 67
    NOT         shift, and go to state 68
    ID          shift, and go to state 51
    STRING      shift, and go to state 69
    CHAR        shift, and go to state 70
    NUMBER      shift, and go to state 71
    BOOL_VAL    shift, and go to state 72

    expr         go to state 124
    method_call  go to state 75
    method_name  go to state 58
    location     go to state 76
    literal      go to state 77


State 96

   43 expr: expr MODULO . expr

    CALLOUT     shift, and go to state 49
    OPEN_PAREN  shift, and go to state 67
    NOT         shift, and go to state 68
    ID          shift, and go to state 51
    STRING      shift, and go to state 69
    CHAR        shift, and go to state 70
    NUMBER      shift, and go to state 71
    BOOL_VAL    shift, and go to state 72

    expr         go to state 125
    method_call  go to state 75
    method_name  go to state 58
    location     go to state 76
    literal      go to state 77


State 97

   48 expr: expr EQUALEQUAL . expr

    CALLOUT     shift, and go to state 49
    OPEN_PAREN  shift, and go to state 67
    NOT         shift, and go to state 68
    ID          shift, and go to state 51
    STRING      shift, and go to state 69
    CHAR        shift, and go to state 70
    NUMBER      shift, and go to state 71
    BOOL_VAL    shift, and go to state 72

    expr         go to state 126
    method_call  go to state 75
    method_name  go to state 58
    location     go to state 76
    literal      go to state 77


State 98

   49 expr: expr NOTEQUAL . expr

    CALLOUT     shift, and go to state 49
    OPEN_PAREN  shift, and go to state 67
    NOT         shift, and go to state 68
    ID          shift, and go to state 51
    STRING      shift, and go to state 69
    CHAR        shift, and go to state 70
    NUMBER      shift, and go to state 71
    BOOL_VAL    shift, and go to state 72

    expr         go to state 127
    method_call  go to state 75
    method_name  go to state 58
    location     go to state 76
    literal      go to state 77


State 99

   45 expr: expr GREATEREQUAL . expr

    CALLOUT     shift, and go to state 49
    OPEN_PAREN  shift, and go to state 67
    NOT         shift, and go to state 68
    ID          shift, and go to state 51
    STRING      shift, and go to state 69
    CHAR        shift, and go to state 70
    NUMBER      shift, and go to state 71
    BOOL_VAL    shift, and go to state 72

    expr         go to state 128
    method_call  go to state 75
    method_name  go to state 58
    location     go to state 76
    literal      go to state 77


State 100

   47 expr: expr LESSEQUAL . expr

    CALLOUT     shift, and go to state 49
    OPEN_PAREN  shift, and go to state 67
    NOT         shift, and go to state 68
    ID          shift, and go to state 51
    STRING      shift, and go to state 69
    CHAR        shift, and go to state 70
    NUMBER      shift, and go to state 71
    BOOL_VAL    shift, and go to state 72

    expr         go to state 129
    method_call  go to state 75
    method_name  go to state 58
    location     go to state 76
    literal      go to state 77


State 101

   44 expr: expr GREATERTHAN . expr

    CALLOUT     shift, and go to state 49
    OPEN_PAREN  shift, and go to state 67
    NOT         shift, and go to state 68
    ID          shift, and go to state 51
    STRING      shift, and go to state 69
    CHAR        shift, and go to state 70
    NUMBER      shift, and go to state 71
    BOOL_VAL    shift, and go to state 72

    expr         go to state 130
    method_call  go to state 75
    method_name  go to state 58
    location     go to state 76
    literal      go to state 77


State 102

   46 expr: expr LESSTHAN . expr

    CALLOUT     shift, and go to state 49
    OPEN_PAREN  shift, and go to state 67
    NOT         shift, and go to state 68
    ID          shift, and go to state 51
    STRING      shift, and go to state 69
    CHAR        shift, and go to state 70
    NUMBER      shift, and go to state 71
    BOOL_VAL    shift, and go to state 72

    expr         go to state 131
    method_call  go to state 75
    method_name  go to state 58
    location     go to state 76
    literal      go to state 77


State 103

   50 expr: expr AND . expr

    CALLOUT     shift, and go to state 49
    OPEN_PAREN  shift, and go to state 67
    NOT         shift, and go to state 68
    ID          shift, and go to state 51
    STRING      shift, and go to state 69
    CHAR        shift, and go to state 70
    NUMBER      shift, and go to state 71
    BOOL_VAL    shift, and go to state 72

    expr         go to state 132
    method_call  go to state 75
    method_name  go to state 58
    location     go to state 76
    literal      go to state 77


State 104

   51 expr: expr OR . expr

    CALLOUT     shift, and go to state 49
    OPEN_PAREN  shift, and go to state 67
    NOT         shift, and go to state 68
    ID          shift, and go to state 51
    STRING      shift, and go to state 69
    CHAR        shift, and go to state 70
    NUMBER      shift, and go to state 71
    BOOL_VAL    shift, and go to state 72

    expr         go to state 133
    method_call  go to state 75
    method_name  go to state 58
    location     go to state 76
    literal      go to state 77


State 105

   30 statement: RETURN expr SEMICOLON .

    $default  reduce using rule 30 (statement)


State 106

   54 method_call: method_name OPEN_PAREN CLOSE_PAREN .

    $default  reduce using rule 54 (method_call)


State 107

   39 expr: expr . PLUS expr
   40     | expr . MINUS expr
   41     | expr . MULTIPLY expr
   42     | expr . DIVIDE expr
   43     | expr . MODULO expr
   44     | expr . GREATERTHAN expr
   45     | expr . GREATEREQUAL expr
   46     | expr . LESSTHAN expr
   47     | expr . LESSEQUAL expr
   48     | expr . EQUALEQUAL expr
   49     | expr . NOTEQUAL expr
   50     | expr . AND expr
   51     | expr . OR expr
   60 non_1: expr . COMMA non_1
   61      | expr .

    MINUS         shift, and go to state 92
    COMMA         shift, and go to state 134
    PLUS          shift, and go to state 93
    MULTIPLY      shift, and go to state 94
    DIVIDE        shift, and go to state 95
    MODULO        shift, and go to state 96
    EQUALEQUAL    shift, and go to state 97
    NOTEQUAL      shift, and go to state 98
    GREATEREQUAL  shift, and go to state 99
    LESSEQUAL     shift, and go to state 100
    GREATERTHAN   shift, and go to state 101
    LESSTHAN      shift, and go to state 102
    AND           shift, and go to state 103
    OR            shift, and go to state 104

    $default  reduce using rule 61 (non_1)


State 108

   53 method_call: method_name OPEN_PAREN non_1 . CLOSE_PAREN

    CLOSE_PAREN  shift, and go to state 135


State 109

   23 statement: location EQUALTO expr . SEMICOLON
   39 expr: expr . PLUS expr
   40     | expr . MINUS expr
   41     | expr . MULTIPLY expr
   42     | expr . DIVIDE expr
   43     | expr . MODULO expr
   44     | expr . GREATERTHAN expr
   45     | expr . GREATEREQUAL expr
   46     | expr . LESSTHAN expr
   47     | expr . LESSEQUAL expr
   48     | expr . EQUALEQUAL expr
   49     | expr . NOTEQUAL expr
   50     | expr . AND expr
   51     | expr . OR expr

    MINUS         shift, and go to state 92
    PLUS          shift, and go to state 93
    MULTIPLY      shift, and go to state 94
    DIVIDE        shift, and go to state 95
    MODULO        shift, and go to state 96
    EQUALEQUAL    shift, and go to state 97
    NOTEQUAL      shift, and go to state 98
    GREATEREQUAL  shift, and go to state 99
    LESSEQUAL     shift, and go to state 100
    GREATERTHAN   shift, and go to state 101
    LESSTHAN      shift, and go to state 102
    AND           shift, and go to state 103
    OR            shift, and go to state 104
    SEMICOLON     shift, and go to state 136


State 110

   24 statement: location PLUSEQUAL expr . SEMICOLON
   39 expr: expr . PLUS expr
   40     | expr . MINUS expr
   41     | expr . MULTIPLY expr
   42     | expr . DIVIDE expr
   43     | expr . MODULO expr
   44     | expr . GREATERTHAN expr
   45     | expr . GREATEREQUAL expr
   46     | expr . LESSTHAN expr
   47     | expr . LESSEQUAL expr
   48     | expr . EQUALEQUAL expr
   49     | expr . NOTEQUAL expr
   50     | expr . AND expr
   51     | expr . OR expr

    MINUS         shift, and go to state 92
    PLUS          shift, and go to state 93
    MULTIPLY      shift, and go to state 94
    DIVIDE        shift, and go to state 95
    MODULO        shift, and go to state 96
    EQUALEQUAL    shift, and go to state 97
    NOTEQUAL      shift, and go to state 98
    GREATEREQUAL  shift, and go to state 99
    LESSEQUAL     shift, and go to state 100
    GREATERTHAN   shift, and go to state 101
    LESSTHAN      shift, and go to state 102
    AND           shift, and go to state 103
    OR            shift, and go to state 104
    SEMICOLON     shift, and go to state 137


State 111

   25 statement: location MINUSEQUAL expr . SEMICOLON
   39 expr: expr . PLUS expr
   40     | expr . MINUS expr
   41     | expr . MULTIPLY expr
   42     | expr . DIVIDE expr
   43     | expr . MODULO expr
   44     | expr . GREATERTHAN expr
   45     | expr . GREATEREQUAL expr
   46     | expr . LESSTHAN expr
   47     | expr . LESSEQUAL expr
   48     | expr . EQUALEQUAL expr
   49     | expr . NOTEQUAL expr
   50     | expr . AND expr
   51     | expr . OR expr

    MINUS         shift, and go to state 92
    PLUS          shift, and go to state 93
    MULTIPLY      shift, and go to state 94
    DIVIDE        shift, and go to state 95
    MODULO        shift, and go to state 96
    EQUALEQUAL    shift, and go to state 97
    NOTEQUAL      shift, and go to state 98
    GREATEREQUAL  shift, and go to state 99
    LESSEQUAL     shift, and go to state 100
    GREATERTHAN   shift, and go to state 101
    LESSTHAN      shift, and go to state 102
    AND           shift, and go to state 103
    OR            shift, and go to state 104
    SEMICOLON     shift, and go to state 138


State 112

   17 non_3: non_3 COMMA ID .

    $default  reduce using rule 17 (non_3)


State 113

   27 statement: IF OPEN_PAREN expr CLOSE_PAREN . block ELSE block
   28          | IF OPEN_PAREN expr CLOSE_PAREN . block

    OPEN  shift, and go to state 38

    block  go to state 139


State 114

   56 method_call: CALLOUT OPEN_PAREN STRING CLOSE_PAREN .

    $default  reduce using rule 56 (method_call)


State 115

   39 expr: expr . PLUS expr
   40     | expr . MINUS expr
   41     | expr . MULTIPLY expr
   42     | expr . DIVIDE expr
   43     | expr . MODULO expr
   44     | expr . GREATERTHAN expr
   45     | expr . GREATEREQUAL expr
   46     | expr . LESSTHAN expr
   47     | expr . LESSEQUAL expr
   48     | expr . EQUALEQUAL expr
   49     | expr . NOTEQUAL expr
   50     | expr . AND expr
   51     | expr . OR expr
   59 callout_arg: expr .

    MINUS         shift, and go to state 92
    PLUS          shift, and go to state 93
    MULTIPLY      shift, and go to state 94
    DIVIDE        shift, and go to state 95
    MODULO        shift, and go to state 96
    EQUALEQUAL    shift, and go to state 97
    NOTEQUAL      shift, and go to state 98
    GREATEREQUAL  shift, and go to state 99
    LESSEQUAL     shift, and go to state 100
    GREATERTHAN   shift, and go to state 101
    LESSTHAN      shift, and go to state 102
    AND           shift, and go to state 103
    OR            shift, and go to state 104

    $default  reduce using rule 59 (callout_arg)


State 116

   55 method_call: CALLOUT OPEN_PAREN STRING non_2 . CLOSE_PAREN

    CLOSE_PAREN  shift, and go to state 140


State 117

   57 non_2: callout_arg . COMMA non_2
   58      | callout_arg .

    COMMA  shift, and go to state 141

    $default  reduce using rule 58 (non_2)


State 118

   29 statement: FOR ID EQUALTO expr . COMMA expr block
   39 expr: expr . PLUS expr
   40     | expr . MINUS expr
   41     | expr . MULTIPLY expr
   42     | expr . DIVIDE expr
   43     | expr . MODULO expr
   44     | expr . GREATERTHAN expr
   45     | expr . GREATEREQUAL expr
   46     | expr . LESSTHAN expr
   47     | expr . LESSEQUAL expr
   48     | expr . EQUALEQUAL expr
   49     | expr . NOTEQUAL expr
   50     | expr . AND expr
   51     | expr . OR expr

    MINUS         shift, and go to state 92
    COMMA         shift, and go to state 142
    PLUS          shift, and go to state 93
    MULTIPLY      shift, and go to state 94
    DIVIDE        shift, and go to state 95
    MODULO        shift, and go to state 96
    EQUALEQUAL    shift, and go to state 97
    NOTEQUAL      shift, and go to state 98
    GREATEREQUAL  shift, and go to state 99
    LESSEQUAL     shift, and go to state 100
    GREATERTHAN   shift, and go to state 101
    LESSTHAN      shift, and go to state 102
    AND           shift, and go to state 103
    OR            shift, and go to state 104


State 119

   64 location: ID OPEN_SQR expr CLOSE_SQR .

    $default  reduce using rule 64 (location)


State 120

   52 expr: OPEN_PAREN expr CLOSE_PAREN .

    $default  reduce using rule 52 (expr)


State 121

   39 expr: expr . PLUS expr
   40     | expr . MINUS expr
   40     | expr MINUS expr .
   41     | expr . MULTIPLY expr
   42     | expr . DIVIDE expr
   43     | expr . MODULO expr
   44     | expr . GREATERTHAN expr
   45     | expr . GREATEREQUAL expr
   46     | expr . LESSTHAN expr
   47     | expr . LESSEQUAL expr
   48     | expr . EQUALEQUAL expr
   49     | expr . NOTEQUAL expr
   50     | expr . AND expr
   51     | expr . OR expr

    $default  reduce using rule 40 (expr)


State 122

   39 expr: expr . PLUS expr
   39     | expr PLUS expr .
   40     | expr . MINUS expr
   41     | expr . MULTIPLY expr
   42     | expr . DIVIDE expr
   43     | expr . MODULO expr
   44     | expr . GREATERTHAN expr
   45     | expr . GREATEREQUAL expr
   46     | expr . LESSTHAN expr
   47     | expr . LESSEQUAL expr
   48     | expr . EQUALEQUAL expr
   49     | expr . NOTEQUAL expr
   50     | expr . AND expr
   51     | expr . OR expr

    $default  reduce using rule 39 (expr)


State 123

   39 expr: expr . PLUS expr
   40     | expr . MINUS expr
   41     | expr . MULTIPLY expr
   41     | expr MULTIPLY expr .
   42     | expr . DIVIDE expr
   43     | expr . MODULO expr
   44     | expr . GREATERTHAN expr
   45     | expr . GREATEREQUAL expr
   46     | expr . LESSTHAN expr
   47     | expr . LESSEQUAL expr
   48     | expr . EQUALEQUAL expr
   49     | expr . NOTEQUAL expr
   50     | expr . AND expr
   51     | expr . OR expr

    $default  reduce using rule 41 (expr)


State 124

   39 expr: expr . PLUS expr
   40     | expr . MINUS expr
   41     | expr . MULTIPLY expr
   42     | expr . DIVIDE expr
   42     | expr DIVIDE expr .
   43     | expr . MODULO expr
   44     | expr . GREATERTHAN expr
   45     | expr . GREATEREQUAL expr
   46     | expr . LESSTHAN expr
   47     | expr . LESSEQUAL expr
   48     | expr . EQUALEQUAL expr
   49     | expr . NOTEQUAL expr
   50     | expr . AND expr
   51     | expr . OR expr

    $default  reduce using rule 42 (expr)


State 125

   39 expr: expr . PLUS expr
   40     | expr . MINUS expr
   41     | expr . MULTIPLY expr
   42     | expr . DIVIDE expr
   43     | expr . MODULO expr
   43     | expr MODULO expr .
   44     | expr . GREATERTHAN expr
   45     | expr . GREATEREQUAL expr
   46     | expr . LESSTHAN expr
   47     | expr . LESSEQUAL expr
   48     | expr . EQUALEQUAL expr
   49     | expr . NOTEQUAL expr
   50     | expr . AND expr
   51     | expr . OR expr

    $default  reduce using rule 43 (expr)


State 126

   39 expr: expr . PLUS expr
   40     | expr . MINUS expr
   41     | expr . MULTIPLY expr
   42     | expr . DIVIDE expr
   43     | expr . MODULO expr
   44     | expr . GREATERTHAN expr
   45     | expr . GREATEREQUAL expr
   46     | expr . LESSTHAN expr
   47     | expr . LESSEQUAL expr
   48     | expr . EQUALEQUAL expr
   48     | expr EQUALEQUAL expr .
   49     | expr . NOTEQUAL expr
   50     | expr . AND expr
   51     | expr . OR expr

    MINUS         shift, and go to state 92
    PLUS          shift, and go to state 93
    MULTIPLY      shift, and go to state 94
    DIVIDE        shift, and go to state 95
    MODULO        shift, and go to state 96
    GREATEREQUAL  shift, and go to state 99
    LESSEQUAL     shift, and go to state 100
    GREATERTHAN   shift, and go to state 101
    LESSTHAN      shift, and go to state 102

    $default  reduce using rule 48 (expr)


State 127

   39 expr: expr . PLUS expr
   40     | expr . MINUS expr
   41     | expr . MULTIPLY expr
   42     | expr . DIVIDE expr
   43     | expr . MODULO expr
   44     | expr . GREATERTHAN expr
   45     | expr . GREATEREQUAL expr
   46     | expr . LESSTHAN expr
   47     | expr . LESSEQUAL expr
   48     | expr . EQUALEQUAL expr
   49     | expr . NOTEQUAL expr
   49     | expr NOTEQUAL expr .
   50     | expr . AND expr
   51     | expr . OR expr

    MINUS         shift, and go to state 92
    PLUS          shift, and go to state 93
    MULTIPLY      shift, and go to state 94
    DIVIDE        shift, and go to state 95
    MODULO        shift, and go to state 96
    GREATEREQUAL  shift, and go to state 99
    LESSEQUAL     shift, and go to state 100
    GREATERTHAN   shift, and go to state 101
    LESSTHAN      shift, and go to state 102

    $default  reduce using rule 49 (expr)


State 128

   39 expr: expr . PLUS expr
   40     | expr . MINUS expr
   41     | expr . MULTIPLY expr
   42     | expr . DIVIDE expr
   43     | expr . MODULO expr
   44     | expr . GREATERTHAN expr
   45     | expr . GREATEREQUAL expr
   45     | expr GREATEREQUAL expr .
   46     | expr . LESSTHAN expr
   47     | expr . LESSEQUAL expr
   48     | expr . EQUALEQUAL expr
   49     | expr . NOTEQUAL expr
   50     | expr . AND expr
   51     | expr . OR expr

    MINUS     shift, and go to state 92
    PLUS      shift, and go to state 93
    MULTIPLY  shift, and go to state 94
    DIVIDE    shift, and go to state 95
    MODULO    shift, and go to state 96

    GREATEREQUAL  error (nonassociative)
    LESSEQUAL     error (nonassociative)
    GREATERTHAN   error (nonassociative)
    LESSTHAN      error (nonassociative)

    $default  reduce using rule 45 (expr)


State 129

   39 expr: expr . PLUS expr
   40     | expr . MINUS expr
   41     | expr . MULTIPLY expr
   42     | expr . DIVIDE expr
   43     | expr . MODULO expr
   44     | expr . GREATERTHAN expr
   45     | expr . GREATEREQUAL expr
   46     | expr . LESSTHAN expr
   47     | expr . LESSEQUAL expr
   47     | expr LESSEQUAL expr .
   48     | expr . EQUALEQUAL expr
   49     | expr . NOTEQUAL expr
   50     | expr . AND expr
   51     | expr . OR expr

    MINUS     shift, and go to state 92
    PLUS      shift, and go to state 93
    MULTIPLY  shift, and go to state 94
    DIVIDE    shift, and go to state 95
    MODULO    shift, and go to state 96

    GREATEREQUAL  error (nonassociative)
    LESSEQUAL     error (nonassociative)
    GREATERTHAN   error (nonassociative)
    LESSTHAN      error (nonassociative)

    $default  reduce using rule 47 (expr)


State 130

   39 expr: expr . PLUS expr
   40     | expr . MINUS expr
   41     | expr . MULTIPLY expr
   42     | expr . DIVIDE expr
   43     | expr . MODULO expr
   44     | expr . GREATERTHAN expr
   44     | expr GREATERTHAN expr .
   45     | expr . GREATEREQUAL expr
   46     | expr . LESSTHAN expr
   47     | expr . LESSEQUAL expr
   48     | expr . EQUALEQUAL expr
   49     | expr . NOTEQUAL expr
   50     | expr . AND expr
   51     | expr . OR expr

    MINUS     shift, and go to state 92
    PLUS      shift, and go to state 93
    MULTIPLY  shift, and go to state 94
    DIVIDE    shift, and go to state 95
    MODULO    shift, and go to state 96

    GREATEREQUAL  error (nonassociative)
    LESSEQUAL     error (nonassociative)
    GREATERTHAN   error (nonassociative)
    LESSTHAN      error (nonassociative)

    $default  reduce using rule 44 (expr)


State 131

   39 expr: expr . PLUS expr
   40     | expr . MINUS expr
   41     | expr . MULTIPLY expr
   42     | expr . DIVIDE expr
   43     | expr . MODULO expr
   44     | expr . GREATERTHAN expr
   45     | expr . GREATEREQUAL expr
   46     | expr . LESSTHAN expr
   46     | expr LESSTHAN expr .
   47     | expr . LESSEQUAL expr
   48     | expr . EQUALEQUAL expr
   49     | expr . NOTEQUAL expr
   50     | expr . AND expr
   51     | expr . OR expr

    MINUS     shift, and go to state 92
    PLUS      shift, and go to state 93
    MULTIPLY  shift, and go to state 94
    DIVIDE    shift, and go to state 95
    MODULO    shift, and go to state 96

    GREATEREQUAL  error (nonassociative)
    LESSEQUAL     error (nonassociative)
    GREATERTHAN   error (nonassociative)
    LESSTHAN      error (nonassociative)

    $default  reduce using rule 46 (expr)


State 132

   39 expr: expr . PLUS expr
   40     | expr . MINUS expr
   41     | expr . MULTIPLY expr
   42     | expr . DIVIDE expr
   43     | expr . MODULO expr
   44     | expr . GREATERTHAN expr
   45     | expr . GREATEREQUAL expr
   46     | expr . LESSTHAN expr
   47     | expr . LESSEQUAL expr
   48     | expr . EQUALEQUAL expr
   49     | expr . NOTEQUAL expr
   50     | expr . AND expr
   50     | expr AND expr .
   51     | expr . OR expr

    MINUS         shift, and go to state 92
    PLUS          shift, and go to state 93
    MULTIPLY      shift, and go to state 94
    DIVIDE        shift, and go to state 95
    MODULO        shift, and go to state 96
    EQUALEQUAL    shift, and go to state 97
    NOTEQUAL      shift, and go to state 98
    GREATEREQUAL  shift, and go to state 99
    LESSEQUAL     shift, and go to state 100
    GREATERTHAN   shift, and go to state 101
    LESSTHAN      shift, and go to state 102

    $default  reduce using rule 50 (expr)


State 133

   39 expr: expr . PLUS expr
   40     | expr . MINUS expr
   41     | expr . MULTIPLY expr
   42     | expr . DIVIDE expr
   43     | expr . MODULO expr
   44     | expr . GREATERTHAN expr
   45     | expr . GREATEREQUAL expr
   46     | expr . LESSTHAN expr
   47     | expr . LESSEQUAL expr
   48     | expr . EQUALEQUAL expr
   49     | expr . NOTEQUAL expr
   50     | expr . AND expr
   51     | expr . OR expr
   51     | expr OR expr .

    MINUS         shift, and go to state 92
    PLUS          shift, and go to state 93
    MULTIPLY      shift, and go to state 94
    DIVIDE        shift, and go to state 95
    MODULO        shift, and go to state 96
    EQUALEQUAL    shift, and go to state 97
    NOTEQUAL      shift, and go to state 98
    GREATEREQUAL  shift, and go to state 99
    LESSEQUAL     shift, and go to state 100
    GREATERTHAN   shift, and go to state 101
    LESSTHAN      shift, and go to state 102
    AND           shift, and go to state 103

    $default  reduce using rule 51 (expr)


State 134

   60 non_1: expr COMMA . non_1

    CALLOUT     shift, and go to state 49
    OPEN_PAREN  shift, and go to state 67
    NOT         shift, and go to state 68
    ID          shift, and go to state 51
    STRING      shift, and go to state 69
    CHAR        shift, and go to state 70
    NUMBER      shift, and go to state 71
    BOOL_VAL    shift, and go to state 72

    expr         go to state 107
    method_call  go to state 75
    non_1        go to state 143
    method_name  go to state 58
    location     go to state 76
    literal      go to state 77


State 135

   53 method_call: method_name OPEN_PAREN non_1 CLOSE_PAREN .

    $default  reduce using rule 53 (method_call)


State 136

   23 statement: location EQUALTO expr SEMICOLON .

    $default  reduce using rule 23 (statement)


State 137

   24 statement: location PLUSEQUAL expr SEMICOLON .

    $default  reduce using rule 24 (statement)


State 138

   25 statement: location MINUSEQUAL expr SEMICOLON .

    $default  reduce using rule 25 (statement)


State 139

   27 statement: IF OPEN_PAREN expr CLOSE_PAREN block . ELSE block
   28          | IF OPEN_PAREN expr CLOSE_PAREN block .

    ELSE  shift, and go to state 144

    $default  reduce using rule 28 (statement)


State 140

   55 method_call: CALLOUT OPEN_PAREN STRING non_2 CLOSE_PAREN .

    $default  reduce using rule 55 (method_call)


State 141

   57 non_2: callout_arg COMMA . non_2

    CALLOUT     shift, and go to state 49
    OPEN_PAREN  shift, and go to state 67
    NOT         shift, and go to state 68
    ID          shift, and go to state 51
    STRING      shift, and go to state 69
    CHAR        shift, and go to state 70
    NUMBER      shift, and go to state 71
    BOOL_VAL    shift, and go to state 72

    expr         go to state 115
    method_call  go to state 75
    non_2        go to state 145
    callout_arg  go to state 117
    method_name  go to state 58
    location     go to state 76
    literal      go to state 77


State 142

   29 statement: FOR ID EQUALTO expr COMMA . expr block

    CALLOUT     shift, and go to state 49
    OPEN_PAREN  shift, and go to state 67
    NOT         shift, and go to state 68
    ID          shift, and go to state 51
    STRING      shift, and go to state 69
    CHAR        shift, and go to state 70
    NUMBER      shift, and go to state 71
    BOOL_VAL    shift, and go to state 72

    expr         go to state 146
    method_call  go to state 75
    method_name  go to state 58
    location     go to state 76
    literal      go to state 77


State 143

   60 non_1: expr COMMA non_1 .

    $default  reduce using rule 60 (non_1)


State 144

   27 statement: IF OPEN_PAREN expr CLOSE_PAREN block ELSE . block

    OPEN  shift, and go to state 38

    block  go to state 147


State 145

   57 non_2: callout_arg COMMA non_2 .

    $default  reduce using rule 57 (non_2)


State 146

   29 statement: FOR ID EQUALTO expr COMMA expr . block
   39 expr: expr . PLUS expr
   40     | expr . MINUS expr
   41     | expr . MULTIPLY expr
   42     | expr . DIVIDE expr
   43     | expr . MODULO expr
   44     | expr . GREATERTHAN expr
   45     | expr . GREATEREQUAL expr
   46     | expr . LESSTHAN expr
   47     | expr . LESSEQUAL expr
   48     | expr . EQUALEQUAL expr
   49     | expr . NOTEQUAL expr
   50     | expr . AND expr
   51     | expr . OR expr

    OPEN          shift, and go to state 38
    MINUS         shift, and go to state 92
    PLUS          shift, and go to state 93
    MULTIPLY      shift, and go to state 94
    DIVIDE        shift, and go to state 95
    MODULO        shift, and go to state 96
    EQUALEQUAL    shift, and go to state 97
    NOTEQUAL      shift, and go to state 98
    GREATEREQUAL  shift, and go to state 99
    LESSEQUAL     shift, and go to state 100
    GREATERTHAN   shift, and go to state 101
    LESSTHAN      shift, and go to state 102
    AND           shift, and go to state 103
    OR            shift, and go to state 104

    block  go to state 148


State 147

   27 statement: IF OPEN_PAREN expr CLOSE_PAREN block ELSE block .

    $default  reduce using rule 27 (statement)


State 148

   29 statement: FOR ID EQUALTO expr COMMA expr block .

    $default  reduce using rule 29 (statement)
